In file included from ./string_map.h:98,
                 from ../../../../../taller3/string_map_tests.cpp:2:
./string_map.hpp: In instantiation of ‘void string_map<T>::insert(const std::pair<std::__cxx11::basic_string<char>, T>&) [with T = int]’:
../../../../../taller3/string_map_tests.cpp:13:42:   required from here
./string_map.hpp:41:23: warning: comparison of integer expressions of different signedness: ‘int’ and ‘std::__cxx11::basic_string<char>::size_type’ {aka ‘long unsigned int’} [-Wsign-compare]
   41 |     for (int i = 0; i < clave.size(); i++) {
      |                     ~~^~~~~~~~~~~~~~
./string_map.hpp: In instantiation of ‘T& string_map<T>::at(const string&) [with T = int; std::string = std::__cxx11::basic_string<char>]’:
../../../../../taller3/string_map_tests.cpp:15:5:   required from here
./string_map.hpp:95:23: warning: comparison of integer expressions of different signedness: ‘int’ and ‘std::__cxx11::basic_string<char>::size_type’ {aka ‘long unsigned int’} [-Wsign-compare]
   95 |     for (int i = 0; i < clave.size(); i++) {
      |                     ~~^~~~~~~~~~~~~~
./string_map.hpp: In instantiation of ‘void string_map<T>::insert(const std::pair<std::__cxx11::basic_string<char>, T>&) [with T = string_map<int>]’:
../../../../../taller3/string_map_tests.cpp:153:48:   required from here
./string_map.hpp:41:23: warning: comparison of integer expressions of different signedness: ‘int’ and ‘std::__cxx11::basic_string<char>::size_type’ {aka ‘long unsigned int’} [-Wsign-compare]
   41 |     for (int i = 0; i < clave.size(); i++) {
      |                     ~~^~~~~~~~~~~~~~
./string_map.hpp: In instantiation of ‘T& string_map<T>::at(const string&) [with T = string_map<int>; std::string = std::__cxx11::basic_string<char>]’:
../../../../../taller3/string_map_tests.cpp:158:2:   required from here
./string_map.hpp:95:23: warning: comparison of integer expressions of different signedness: ‘int’ and ‘std::__cxx11::basic_string<char>::size_type’ {aka ‘long unsigned int’} [-Wsign-compare]
   95 |     for (int i = 0; i < clave.size(); i++) {
      |                     ~~^~~~~~~~~~~~~~
./string_map.hpp: In instantiation of ‘void string_map<T>::erase(const string&) [with T = int; std::string = std::__cxx11::basic_string<char>]’:
../../../../../taller3/string_map_tests.cpp:178:27:   required from here
./string_map.hpp:113:27: warning: comparison of integer expressions of different signedness: ‘int’ and ‘std::__cxx11::basic_string<char>::size_type’ {aka ‘long unsigned int’} [-Wsign-compare]
  113 |         for (int i = 0; i < clave.size(); i++) {
      |                         ~~^~~~~~~~~~~~~~
./string_map.hpp:131:49: warning: comparison of integer expressions of different signedness: ‘int’ and ‘std::__cxx11::basic_string<char>::size_type’ {aka ‘long unsigned int’} [-Wsign-compare]
  131 |                 for (int j = ultCharUtil + 1; j < clave.size() - 1; j++) {
      |                                               ~~^~~~~~~~~~~~~~~~~~
./string_map.hpp:110:15: warning: variable ‘anterior’ set but not used [-Wunused-but-set-variable]
  110 |         Nodo *anterior = _raiz;
      |               ^~~~~~~~
./string_map.hpp: In instantiation of ‘string_map<T>& string_map<T>::operator=(const string_map<T>&) [with T = int]’:
./string_map.hpp:8:80:   required from ‘string_map<T>::string_map(const string_map<T>&) [with T = int]’
../../../../../taller3/string_map_tests.cpp:98:39:   required from here
./string_map.hpp:17:1: warning: no return statement in function returning non-void [-Wreturn-type]
   16 |     }
  +++ |+    return *this;
   17 | }
      | ^
./string_map.hpp: In instantiation of ‘const T& string_map<T>::at(const string&) const [with T = int; std::string = std::__cxx11::basic_string<char>]’:
./string_map.hpp:15:25:   required from ‘string_map<T>& string_map<T>::operator=(const string_map<T>&) [with T = int]’
./string_map.hpp:8:80:   required from ‘string_map<T>::string_map(const string_map<T>&) [with T = int]’
../../../../../taller3/string_map_tests.cpp:98:39:   required from here
./string_map.hpp:86:23: warning: comparison of integer expressions of different signedness: ‘int’ and ‘std::__cxx11::basic_string<char>::size_type’ {aka ‘long unsigned int’} [-Wsign-compare]
   86 |     for (int i = 0; i < clave.size(); i++) {
      |                     ~~^~~~~~~~~~~~~~
